[2026-04-10T10:46:42Z] START idea="Feature check for Tokenomy: flag blind spots, suggest improvements, optimize to the maximum"
[2026-04-10T10:52:48Z] SCOUT done roles=7 kontext_entries=0
[2026-04-10T10:56:59Z] COUNCIL role="Product Strategist" status=ok points=10
[2026-04-10T10:56:59Z] COUNCIL role="Technical Architect" status=ok points=10
[2026-04-10T10:56:59Z] COUNCIL role="Critical Challenger" status=ok points=10
[2026-04-10T10:56:59Z] COUNCIL role="Hook & Interception Specialist" status=ok points=10
[2026-04-10T10:56:59Z] COUNCIL role="Statistical Modeling Expert" status=ok points=10
[2026-04-10T10:56:59Z] COUNCIL role="DX Specialist" status=ok points=10
[2026-04-10T10:56:59Z] COUNCIL role="Security & Reliability Analyst" status=ok points=10
[2026-04-10T11:00:43Z] CHALLENGER checking="Technical Architect" status=ok
[2026-04-10T11:00:43Z] CHALLENGER checking="Critical Challenger" status=ok
[2026-04-10T11:00:43Z] CHALLENGER checking="Hook Specialist" status=ok
[2026-04-10T11:00:43Z] CHALLENGER checking="Stats Expert" status=ok
[2026-04-10T11:00:43Z] CHALLENGER checking="DX Specialist" status=ok
[2026-04-10T11:00:43Z] CHALLENGER checking="Security Analyst" status=ok
[2026-04-10T11:00:43Z] CHALLENGER checking="Product Strategist" status=ok
[2026-04-10T11:01:29Z] SYNTHESIS approaches=3 winner="Harden the Core" score=1.95
[2026-04-10T11:04:29Z] SPEC_PASS product=ok technical=ok risk=ok
[2026-04-10T11:06:08Z] END report=docs/mastermind-reports/2026-04-10-feature-check-tokenomy.md approaches=3 winner="Harden the Core"
[2026-04-17T14:00:00Z] START idea="think of any optimizations or features worth adding for tokenomy"
[2026-04-17T14:15:00Z] COUNCIL role="Product Strategist" status=ok points=10
[2026-04-17T14:15:00Z] COUNCIL role="Technical Architect" status=ok points=10
[2026-04-17T14:15:00Z] COUNCIL role="Critical Challenger" status=ok points=10
[2026-04-17T14:15:00Z] COUNCIL role="Telemetry Loop Architect" status=ok points=10
[2026-04-17T14:15:00Z] COUNCIL role="Cost Economics Analyst" status=ok points=10
[2026-04-17T14:15:00Z] COUNCIL role="DX Specialist" status=ok points=10
[2026-04-17T14:15:00Z] COUNCIL role="Ecosystem Strategist" status=ok points=10
[2026-04-17T14:30:00Z] CHALLENGER checking="Product Strategist" status=ok
[2026-04-17T14:30:00Z] CHALLENGER checking="Technical Architect" status=ok
[2026-04-17T14:30:00Z] CHALLENGER checking="Critical Challenger" status=ok
[2026-04-17T14:30:00Z] CHALLENGER checking="Telemetry Loop Architect" status=ok
[2026-04-17T14:30:00Z] CHALLENGER checking="Cost Economics Analyst" status=ok
[2026-04-17T14:30:00Z] CHALLENGER checking="DX Specialist" status=ok
[2026-04-17T14:30:00Z] CHALLENGER checking="Ecosystem Strategist" status=ok
[2026-04-17T14:35:00Z] SYNTHESIS approaches=4 winner="Harden the Core" score=2.32
[2026-04-17T14:50:00Z] SPEC_PASS product=ok technical=ok risk=ok
[2026-04-17T14:55:00Z] END report=docs/mastermind-reports/2026-04-17-think-of-any-optimizations-or.md approaches=4 winner="Harden the Core — Round 2"
